<?xml version="1.0" encoding="UTF-8"?>
<testng-results skipped="0" failed="0" ignored="0" total="0" passed="0">
  <reporter-output>
  </reporter-output>
  <suite name="suite1" duration-ms="3" started-at="2017-11-02T10:23:46Z" finished-at="2017-11-02T10:23:46Z">
    <groups>
    </groups>
    <test name="com.mypro.testng" duration-ms="3" started-at="2017-11-02T10:23:46Z" finished-at="2017-11-02T10:23:46Z">
    </test> <!-- com.mypro.testng -->
  </suite> <!-- suite1 -->
</testng-results>
