<?xml version="1.0" encoding="UTF-8"?>
<testng-results skipped="0" failed="0" ignored="0" total="1" passed="1">
  <reporter-output>
  </reporter-output>
  <suite name="Default suite" duration-ms="32211" started-at="2017-09-13T07:46:57Z" finished-at="2017-09-13T07:47:29Z">
    <groups>
    </groups>
    <test name="Default test" duration-ms="32211" started-at="2017-09-13T07:46:57Z" finished-at="2017-09-13T07:47:29Z">
      <class name="com.mypro.testng.RegistrationActivity">
        <test-method status="PASS" signature="setUp()[pri:0, instance:com.mypro.testng.RegistrationActivity@6edf0ee1]" name="setUp" is-config="true" duration-ms="3038" started-at="2017-09-13T15:46:57Z" finished-at="2017-09-13T15:47:00Z">
          <reporter-output>
          </reporter-output>
        </test-method> <!-- setUp -->
        <test-method status="PASS" signature="testCase()[pri:0, instance:com.mypro.testng.RegistrationActivity@6edf0ee1]" name="testCase" duration-ms="27866" started-at="2017-09-13T15:47:00Z" finished-at="2017-09-13T15:47:28Z">
          <reporter-output>
          </reporter-output>
        </test-method> <!-- testCase -->
        <test-method status="PASS" signature="tearDown()[pri:0, instance:com.mypro.testng.RegistrationActivity@6edf0ee1]" name="tearDown" is-config="true" duration-ms="1282" started-at="2017-09-13T15:47:28Z" finished-at="2017-09-13T15:47:29Z">
          <reporter-output>
          </reporter-output>
        </test-method> <!-- tearDown -->
      </class> <!-- com.mypro.testng.RegistrationActivity -->
    </test> <!-- Default test -->
  </suite> <!-- Default suite -->
</testng-results>
